[    0.000000] Linux version 4.15.0-167-generic (buildd@lcy02-amd64-045) (gcc version 7.5.0 (Ubuntu 7.5.0-3ubuntu1~18.04)) #175-Ubuntu SMP Wed Jan 5 01:56:07 UTC 2022 (Ubuntu 4.15.0-167.175-generic 4.15.18)
[    0.000000] Command line: BOOT_IMAGE=/boot/vmlinuz-4.15.0-167-generic root=LABEL=cloudimg-rootfs ro console=tty1 console=ttyS0
[    0.000000] KERNEL supported cpus:
[    0.000000]   Intel GenuineIntel
[    0.000000]   AMD AuthenticAMD
[    0.000000]   Centaur CentaurHauls
[    0.000000] x86/fpu: Supporting XSAVE feature 0x001: 'x87 floating point registers'
[    0.000000] x86/fpu: Supporting XSAVE feature 0x002: 'SSE registers'
[    0.000000] x86/fpu: Supporting XSAVE feature 0x004: 'AVX registers'
[    0.000000] x86/fpu: xstate_offset[2]:  576, xstate_sizes[2]:  256
[    0.000000] x86/fpu: Enabled xstate features 0x7, context size is 832 bytes, using 'standard' format.
[    0.000000] e820: BIOS-provided physical RAM map:
[    0.000000] BIOS-e820: [mem 0x0000000000000000-0x000000000009fbff] usable
[    0.000000] BIOS-e820: [mem 0x000000000009fc00-0x000000000009ffff] reserved
[    0.000000] BIOS-e820: [mem 0x00000000000f0000-0x00000000000fffff] reserved
[    0.000000] BIOS-e820: [mem 0x0000000000100000-0x000000003ffeffff] usable
[    0.000000] BIOS-e820: [mem 0x000000003fff0000-0x000000003fffffff] ACPI data
[    0.000000] BIOS-e820: [mem 0x00000000fec00000-0x00000000fec00fff] reserved
[    0.000000] BIOS-e820: [mem 0x00000000fee00000-0x00000000fee00fff] reserved
[    0.000000] BIOS-e820: [mem 0x00000000fffc0000-0x00000000ffffffff] reserved
[    0.000000] NX (Execute Disable) protection: active
[    0.000000] SMBIOS 2.5 present.
[    0.000000] DMI: innotek GmbH VirtualBox/VirtualBox, BIOS VirtualBox 12/01/2006
[    0.000000] Hypervisor detected: KVM
[    0.000000] e820: last_pfn = 0x3fff0 max_arch_pfn = 0x400000000
[    0.000000] MTRR: Disabled
[    0.000000] x86/PAT: MTRRs disabled, skipping PAT initialization too.
[    0.000000] CPU MTRRs all blank - virtualized system.
[    0.000000] x86/PAT: Configuration [0-7]: WB  WT  UC- UC  WB  WT  UC- UC  
[    0.000000] found SMP MP-table at [mem 0x0009fff0-0x0009ffff]
[    0.000000] Scanning 1 areas for low memory corruption
[    0.000000] RAMDISK: [mem 0x359c9000-0x36cdbfff]
[    0.000000] ACPI: Early table checksum verification disabled
[    0.000000] ACPI: RSDP 0x00000000000E0000 000024 (v02 VBOX  )
[    0.000000] ACPI: XSDT 0x000000003FFF0030 00003C (v01 VBOX   VBOXXSDT 00000001 ASL  00000061)
[    0.000000] ACPI: FACP 0x000000003FFF00F0 0000F4 (v04 VBOX   VBOXFACP 00000001 ASL  00000061)
[    0.000000] ACPI: DSDT 0x000000003FFF0470 002325 (v02 VBOX   VBOXBIOS 00000002 INTL 20120111)
[    0.000000] ACPI: FACS 0x000000003FFF0200 000040
[    0.000000] ACPI: FACS 0x000000003FFF0200 000040
[    0.000000] ACPI: APIC 0x000000003FFF0240 00005C (v02 VBOX   VBOXAPIC 00000001 ASL  00000061)
[    0.000000] ACPI: SSDT 0x000000003FFF02A0 0001CC (v01 VBOX   VBOXCPUT 00000002 INTL 20120111)
[    0.000000] ACPI: Reserving FACP table memory at [mem 0x3fff00f0-0x3fff01e3]
[    0.000000] ACPI: Reserving DSDT table memory at [mem 0x3fff0470-0x3fff2794]
[    0.000000] ACPI: Reserving FACS table memory at [mem 0x3fff0200-0x3fff023f]
[    0.000000] ACPI: Reserving FACS table memory at [mem 0x3fff0200-0x3fff023f]
[    0.000000] ACPI: Reserving APIC table memory at [mem 0x3fff0240-0x3fff029b]
[    0.000000] ACPI: Reserving SSDT table memory at [mem 0x3fff02a0-0x3fff046b]
[    0.000000] No NUMA configuration found
[    0.000000] Faking a node at [mem 0x0000000000000000-0x000000003ffeffff]
[    0.000000] NODE_DATA(0) allocated [mem 0x3ffc5000-0x3ffeffff]
[    0.000000] kvm-clock: cpu 0, msr 0:3ff44001, primary cpu clock
[    0.000000] kvm-clock: Using msrs 4b564d01 and 4b564d00
[    0.000000] kvm-clock: using sched offset of 3386931749 cycles
[    0.000000] clocksource: kvm-clock: mask: 0xffffffffffffffff max_cycles: 0x1cd42e4dffb, max_idle_ns: 881590591483 ns
[    0.000000] Zone ranges:
[    0.000000]   DMA      [mem 0x0000000000001000-0x0000000000ffffff]
[    0.000000]   DMA32    [mem 0x0000000001000000-0x000000003ffeffff]
[    0.000000]   Normal   empty
[    0.000000]   Device   empty
[    0.000000] Movable zone start for each node
[    0.000000] Early memory node ranges
[    0.000000]   node   0: [mem 0x0000000000001000-0x000000000009efff]
[    0.000000]   node   0: [mem 0x0000000000100000-0x000000003ffeffff]
[    0.000000] Reserved but unavailable: 104 pages
[    0.000000] Initmem setup node 0 [mem 0x0000000000001000-0x000000003ffeffff]
[    0.000000] ACPI: PM-Timer IO Port: 0x4008
[    0.000000] IOAPIC[0]: apic_id 2, version 32, address 0xfec00000, GSI 0-23
[    0.000000] ACPI: INT_SRC_OVR (bus 0 bus_irq 0 global_irq 2 dfl dfl)
[    0.000000] ACPI: INT_SRC_OVR (bus 0 bus_irq 9 global_irq 9 low level)
[    0.000000] Using ACPI (MADT) for SMP configuration information
[    0.000000] smpboot: Allowing 2 CPUs, 0 hotplug CPUs
[    0.000000] PM: Registered nosave memory: [mem 0x00000000-0x00000fff]
[    0.000000] PM: Registered nosave memory: [mem 0x0009f000-0x0009ffff]
[    0.000000] PM: Registered nosave memory: [mem 0x000a0000-0x000effff]
[    0.000000] PM: Registered nosave memory: [mem 0x000f0000-0x000fffff]
[    0.000000] e820: [mem 0x40000000-0xfebfffff] available for PCI devices
[    0.000000] Booting paravirtualized kernel on KVM
[    0.000000] clocksource: refined-jiffies: mask: 0xffffffff max_cycles: 0xffffffff, max_idle_ns: 7645519600211568 ns
[    0.000000] random: get_random_bytes called from start_kernel+0x99/0x500 with crng_init=0
[    0.000000] setup_percpu: NR_CPUS:8192 nr_cpumask_bits:2 nr_cpu_ids:2 nr_node_ids:1
[    0.000000] percpu: Embedded 50 pages/cpu s167936 r8192 d28672 u1048576
[    0.000000] PV qspinlock hash table entries: 256 (order: 0, 4096 bytes)
[    0.000000] Built 1 zonelists, mobility grouping on.  Total pages: 257913
[    0.000000] Policy zone: DMA32
[    0.000000] Kernel command line: BOOT_IMAGE=/boot/vmlinuz-4.15.0-167-generic root=LABEL=cloudimg-rootfs ro console=tty1 console=ttyS0
[    0.000000] Memory: 982636K/1048120K available (12300K kernel code, 2483K rwdata, 4324K rodata, 2476K init, 2724K bss, 65484K reserved, 0K cma-reserved)
[    0.000000] SLUB: HWalign=64, Order=0-3, MinObjects=0, CPUs=2, Nodes=1
[    0.000000] Kernel/User page tables isolation: enabled
[    0.000000] ftrace: allocating 39494 entries in 155 pages
[    0.004000] Hierarchical RCU implementation.
[    0.004000] 	RCU restricting CPUs from NR_CPUS=8192 to nr_cpu_ids=2.
[    0.004000] 	Tasks RCU enabled.
[    0.004000] RCU: Adjusting geometry for rcu_fanout_leaf=16, nr_cpu_ids=2
[    0.004000] NR_IRQS: 524544, nr_irqs: 440, preallocated irqs: 16
[    0.004000] Console: colour VGA+ 80x25
[    0.004000] console [tty1] enabled
[    0.004000] console [ttyS0] enabled
[    0.004000] ACPI: Core revision 20170831
[    0.004000] ACPI: 2 ACPI AML tables successfully acquired and loaded
[    0.004000] APIC: Switch to symmetric I/O mode setup
[    0.004000] x2apic enabled
[    0.004000] Switched APIC routing to physical x2apic.
[    0.004000] ..TIMER: vector=0x30 apic1=0 pin1=2 apic2=-1 pin2=-1
[    0.004003] tsc: Detected 2399.998 MHz processor
[    0.004853] Calibrating delay loop (skipped) preset value.. 4799.99 BogoMIPS (lpj=9599992)
[    0.005655] pid_max: default: 32768 minimum: 301
[    0.006492] Security Framework initialized
[    0.008001] Yama: becoming mindful.
[    0.008641] AppArmor: AppArmor initialized
[    0.010151] Dentry cache hash table entries: 131072 (order: 8, 1048576 bytes)
[    0.011329] Inode-cache hash table entries: 65536 (order: 7, 524288 bytes)
[    0.012006] Mount-cache hash table entries: 2048 (order: 2, 16384 bytes)
[    0.013254] Mountpoint-cache hash table entries: 2048 (order: 2, 16384 bytes)
[    0.014867] Last level iTLB entries: 4KB 64, 2MB 8, 4MB 8
[    0.016001] Last level dTLB entries: 4KB 64, 2MB 0, 4MB 0, 1GB 4
[    0.016980] Spectre V1 : Mitigation: usercopy/swapgs barriers and __user pointer sanitization
[    0.018386] Spectre V2 : Mitigation: Full generic retpoline
[    0.020001] Spectre V2 : Spectre v2 / SpectreRSB mitigation: Filling RSB on context switch
[    0.021835] Speculative Store Bypass: Vulnerable
[    0.022620] SRBDS: Unknown: Dependent on hypervisor status
[    0.023550] MDS: Mitigation: Clear CPU buffers
[    0.024115] Freeing SMP alternatives memory: 36K
[    0.135113] smpboot: CPU0: Intel(R) Core(TM) i9-9980HK CPU @ 2.40GHz (family: 0x6, model: 0x9e, stepping: 0xd)
[    0.136000] Performance Events: unsupported p6 CPU model 158 no PMU driver, software events only.
[    0.136000] Hierarchical SRCU implementation.
[    0.136408] NMI watchdog: Perf event create on CPU 0 failed with -2
[    0.137426] NMI watchdog: Perf NMI watchdog permanently disabled
[    0.138440] smp: Bringing up secondary CPUs ...
[    0.139646] x86: Booting SMP configuration:
[    0.140001] .... node  #0, CPUs:      #1
[    0.004000] kvm-clock: cpu 1, msr 0:3ff44041, secondary cpu clock
[    0.144012] smp: Brought up 1 node, 2 CPUs
[    0.144701] smpboot: Max logical packages: 1
[    0.145429] smpboot: Total of 2 processors activated (9599.99 BogoMIPS)
[    0.146570] devtmpfs: initialized
[    0.148036] x86/mm: Memory block size: 128MB
[    0.148945] evm: security.selinux
[    0.149517] evm: security.SMACK64
[    0.150235] evm: security.SMACK64EXEC
[    0.150854] evm: security.SMACK64TRANSMUTE
[    0.151540] evm: security.SMACK64MMAP
[    0.152001] evm: security.apparmor
[    0.152608] evm: security.ima
[    0.153124] evm: security.capability
[    0.153751] clocksource: jiffies: mask: 0xffffffff max_cycles: 0xffffffff, max_idle_ns: 7645041785100000 ns
[    0.153751] futex hash table entries: 512 (order: 3, 32768 bytes)
[    0.156023] pinctrl core: initialized pinctrl subsystem
[    0.157671] RTC time: 14:01:48, date: 02/15/22
[    0.158502] NET: Registered protocol family 16
[    0.160044] audit: initializing netlink subsys (disabled)
[    0.160957] audit: type=2000 audit(1644933713.039:1): state=initialized audit_enabled=0 res=1
[    0.161736] cpuidle: using governor ladder
[    0.164008] cpuidle: using governor menu
[    0.164693] ACPI: bus type PCI registered
[    0.165384] acpiphp: ACPI Hot Plug PCI Controller Driver version: 0.5
[    0.166494] PCI: Using configuration type 1 for base access
[    0.168413] HugeTLB registered 2.00 MiB page size, pre-allocated 0 pages
[    0.169193] ACPI: Added _OSI(Module Device)
[    0.169193] ACPI: Added _OSI(Processor Device)
[    0.170162] ACPI: Added _OSI(3.0 _SCP Extensions)
[    0.172002] ACPI: Added _OSI(Processor Aggregator Device)
[    0.173088] ACPI: Added _OSI(Linux-Dell-Video)
[    0.174033] ACPI: Added _OSI(Linux-Lenovo-NV-HDMI-Audio)
[    0.176002] ACPI: Added _OSI(Linux-HPI-Hybrid-Graphics)
[    0.177709] ACPI: Executed 1 blocks of module-level executable AML code
[    0.182724] ACPI: Interpreter enabled
[    0.183541] ACPI: (supports S0 S5)
[    0.184002] ACPI: Using IOAPIC for interrupt routing
[    0.185140] PCI: Using host bridge windows from ACPI; if necessary, use "pci=nocrs" and report a bug
[    0.187282] ACPI: Enabled 2 GPEs in block 00 to 07
[    0.194042] ACPI: PCI Root Bridge [PCI0] (domain 0000 [bus 00-ff])
[    0.195051] acpi PNP0A03:00: _OSC: OS supports [ASPM ClockPM Segments MSI]
[    0.196288] acpi PNP0A03:00: _OSC: not requesting OS control; OS requires [ExtendedConfig ASPM ClockPM MSI]
[    0.197925] acpi PNP0A03:00: fail to add MMCONFIG information, can't access extended PCI configuration space under this bridge.
[    0.200412] PCI host bridge to bus 0000:00
[    0.201150] pci_bus 0000:00: root bus resource [io  0x0000-0x0cf7 window]
[    0.202246] pci_bus 0000:00: root bus resource [io  0x0d00-0xffff window]
[    0.204002] pci_bus 0000:00: root bus resource [mem 0x000a0000-0x000bffff window]
[    0.206113] pci_bus 0000:00: root bus resource [mem 0x40000000-0xfdffffff window]
[    0.208002] pci_bus 0000:00: root bus resource [bus 00-ff]
[    0.211269] pci 0000:00:01.1: legacy IDE quirk: reg 0x10: [io  0x01f0-0x01f7]
[    0.212001] pci 0000:00:01.1: legacy IDE quirk: reg 0x14: [io  0x03f6]
[    0.213243] pci 0000:00:01.1: legacy IDE quirk: reg 0x18: [io  0x0170-0x0177]
[    0.214451] pci 0000:00:01.1: legacy IDE quirk: reg 0x1c: [io  0x0376]
[    0.225390] pci 0000:00:07.0: quirk: [io  0x4000-0x403f] claimed by PIIX4 ACPI
[    0.226876] pci 0000:00:07.0: quirk: [io  0x4100-0x410f] claimed by PIIX4 SMB
[    0.234136] ACPI: PCI Interrupt Link [LNKA] (IRQs 5 9 10 *11)
[    0.235742] ACPI: PCI Interrupt Link [LNKB] (IRQs 5 9 *10 11)
[    0.236098] ACPI: PCI Interrupt Link [LNKC] (IRQs 5 *9 10 11)
[    0.237995] ACPI: PCI Interrupt Link [LNKD] (IRQs 5 9 10 *11)
[    0.240199] SCSI subsystem initialized
[    0.240923] pci 0000:00:02.0: vgaarb: setting as boot VGA device
[    0.241101] pci 0000:00:02.0: vgaarb: VGA device added: decodes=io+mem,owns=io+mem,locks=none
[    0.244008] pci 0000:00:02.0: vgaarb: bridge control possible
[    0.244976] vgaarb: loaded
[    0.245469] ACPI: bus type USB registered
[    0.246175] usbcore: registered new interface driver usbfs
[    0.247083] usbcore: registered new interface driver hub
[    0.248009] usbcore: registered new device driver usb
[    0.248909] EDAC MC: Ver: 3.0.0
[    0.248909] PCI: Using ACPI for IRQ routing
[    0.249258] NetLabel: Initializing
[    0.252006] NetLabel:  domain hash size = 128
[    0.252742] NetLabel:  protocols = UNLABELED CIPSOv4 CALIPSO
[    0.253702] NetLabel:  unlabeled traffic allowed by default
[    0.254647] clocksource: Switched to clocksource kvm-clock
[    0.261272] VFS: Disk quotas dquot_6.6.0
[    0.262275] VFS: Dquot-cache hash table entries: 512 (order 0, 4096 bytes)
[    0.263775] AppArmor: AppArmor Filesystem Enabled
[    0.264923] pnp: PnP ACPI init
[    0.266512] pnp: PnP ACPI: found 3 devices
[    0.275364] clocksource: acpi_pm: mask: 0xffffff max_cycles: 0xffffff, max_idle_ns: 2085701024 ns
[    0.277620] NET: Registered protocol family 2
[    0.278547] IP idents hash table entries: 16384 (order: 5, 131072 bytes)
[    0.280737] TCP established hash table entries: 8192 (order: 4, 65536 bytes)
[    0.281915] TCP bind hash table entries: 8192 (order: 5, 131072 bytes)
[    0.283093] TCP: Hash tables configured (established 8192 bind 8192)
[    0.284147] UDP hash table entries: 512 (order: 2, 16384 bytes)
[    0.285325] UDP-Lite hash table entries: 512 (order: 2, 16384 bytes)
[    0.286497] NET: Registered protocol family 1
[    0.287238] pci 0000:00:00.0: Limiting direct PCI/PCI transfers
[    0.288271] pci 0000:00:01.0: Activating ISA DMA hang workarounds
[    0.289316] pci 0000:00:02.0: Video device with shadowed ROM at [mem 0x000c0000-0x000dffff]
[    0.291161] Unpacking initramfs...
[    0.508105] Freeing initrd memory: 19532K
[    0.509082] clocksource: tsc: mask: 0xffffffffffffffff max_cycles: 0x229835b7123, max_idle_ns: 440795242976 ns
[    0.511256] platform rtc_cmos: registered platform RTC device (no PNP device found)
[    0.512938] Scanning for low memory corruption every 60 seconds
[    0.514656] Initialise system trusted keyrings
[    0.515550] Key type blacklist registered
[    0.516902] workingset: timestamp_bits=36 max_order=18 bucket_order=0
[    0.518563] zbud: loaded
[    0.519380] squashfs: version 4.0 (2009/01/31) Phillip Lougher
[    0.520722] fuse init (API version 7.26)
[    0.522346] Key type asymmetric registered
[    0.523105] Asymmetric key parser 'x509' registered
[    0.523929] Block layer SCSI generic (bsg) driver version 0.4 loaded (major 246)
[    0.525236] io scheduler noop registered
[    0.525906] io scheduler deadline registered
[    0.526638] io scheduler cfq registered (default)
[    0.527805] ACPI: AC Adapter [AC] (on-line)
[    0.528782] input: Power Button as /devices/LNXSYSTM:00/LNXPWRBN:00/input/input0
[    0.530107] ACPI: Power Button [PWRF]
[    0.530888] input: Sleep Button as /devices/LNXSYSTM:00/LNXSLPBN:00/input/input1
[    0.532281] ACPI: Sleep Button [SLPF]
[    0.533962] ACPI: Battery Slot [BAT0] (battery present)
[    0.534911] Serial: 8250/16550 driver, 32 ports, IRQ sharing enabled
[    0.556913] 00:02: ttyS0 at I/O 0x3f8 (irq = 4, base_baud = 115200) is a 16550A
[    0.559739] Linux agpgart interface v0.103
[    0.561525] loop: module loaded
[    0.562455] scsi host0: ata_piix
[    0.563131] scsi host1: ata_piix
[    0.563744] ata1: PATA max UDMA/33 cmd 0x1f0 ctl 0x3f6 bmdma 0xd000 irq 14
[    0.564914] ata2: PATA max UDMA/33 cmd 0x170 ctl 0x376 bmdma 0xd008 irq 15
[    0.566096] libphy: Fixed MDIO Bus: probed
[    0.567333] tun: Universal TUN/TAP device driver, 1.6
[    0.568484] PPP generic driver version 2.4.2
[    0.569254] ehci_hcd: USB 2.0 'Enhanced' Host Controller (EHCI) Driver
[    0.570616] ehci-pci: EHCI PCI platform driver
[    0.571438] ehci-platform: EHCI generic platform driver
[    0.572322] ohci_hcd: USB 1.1 'Open' Host Controller (OHCI) Driver
[    0.573626] ohci-pci: OHCI PCI platform driver
[    0.574681] ohci-platform: OHCI generic platform driver
[    0.575540] uhci_hcd: USB Universal Host Controller Interface driver
[    0.576681] i8042: PNP: PS/2 Controller [PNP0303:PS2K,PNP0f03:PS2M] at 0x60,0x64 irq 1,12
[    0.578425] serio: i8042 KBD port at 0x60,0x64 irq 1
[    0.579263] serio: i8042 AUX port at 0x60,0x64 irq 12
[    0.580192] mousedev: PS/2 mouse device common for all mice
[    0.581606] input: AT Translated Set 2 keyboard as /devices/platform/i8042/serio0/input/input2
[    0.583165] rtc_cmos rtc_cmos: rtc core: registered rtc_cmos as rtc0
[    0.584270] rtc_cmos rtc_cmos: alarms up to one day, 114 bytes nvram
[    0.585609] i2c /dev entries driver
[    0.586293] device-mapper: uevent: version 1.0.3
[    0.587148] device-mapper: ioctl: 4.37.0-ioctl (2017-09-20) initialised: dm-devel@redhat.com
[    0.589078] ledtrig-cpu: registered to indicate activity on CPUs
[    0.590575] NET: Registered protocol family 10
[    0.593854] Segment Routing with IPv6
[    0.594585] NET: Registered protocol family 17
[    0.595363] Key type dns_resolver registered
[    0.596283] mce: Using 0 MCE banks
[    0.596884] RAS: Correctable Errors collector initialized.
[    0.597883] sched_clock: Marking stable (596268042, 0)->(746599679, -150331637)
[    0.599353] registered taskstats version 1
[    0.600048] Loading compiled-in X.509 certificates
[    0.602659] Loaded X.509 cert 'Build time autogenerated kernel key: 51c91b167e8daada285dd448a981da05683ebd03'
[    0.604687] Loaded X.509 cert 'Canonical Ltd. Live Patch Signing: 14df34d1a87cf37625abec039ef2bf521249b969'
[    0.606717] Loaded X.509 cert 'Canonical Ltd. Kernel Module Signing: 88f752e560a1e0737e31163a466ad7b70a850c19'
[    0.608483] blacklist: Loading compiled-in revocation X.509 certificates
[    0.609854] Loaded X.509 cert 'Canonical Ltd. Secure Boot Signing: 61482aa2830d0ab2ad5af10b7250da9033ddcef0'
[    0.611511] zswap: loaded using pool lzo/zbud
[    0.614331] Key type big_key registered
[    0.615001] Key type trusted registered
[    0.616602] Key type encrypted registered
[    0.617285] AppArmor: AppArmor sha1 policy hashing enabled
[    0.618393] ima: No TPM chip found, activating TPM-bypass! (rc=-19)
[    0.619410] ima: Allocated hash algorithm: sha1
[    0.620272] evm: HMAC attrs: 0x1
[    0.621215]   Magic number: 10:547:30
[    0.621899] rtc_cmos rtc_cmos: setting system clock to 2022-02-15 14:01:49 UTC (1644933709)
[    0.623776] BIOS EDD facility v0.16 2004-Jun-25, 0 devices found
[    0.625453] EDD information not available.
[    0.749937] Freeing unused kernel image memory: 2476K
[    1.389540] Write protecting the kernel read-only data: 20480k
[    1.392120] Freeing unused kernel image memory: 2008K
[    1.393650] Freeing unused kernel image memory: 1820K
[    1.403577] x86/mm: Checked W+X mappings: passed, no W+X pages found.
[    1.405463] x86/mm: Checking user space page tables
[    1.414221] x86/mm: Checked W+X mappings: passed, no W+X pages found.
Loading, please wait...
starting version 237
[    1.466325] e1000: Intel(R) PRO/1000 Network Driver - version 7.3.21-k8-NAPI
[    1.467709] e1000: Copyright (c) 1999-2006 Intel Corporation.
[    1.478022] Fusion MPT base driver 3.04.20
[    1.478982] Copyright (c) 1999-2008 LSI Corporation
[    1.481818] AVX2 version of gcm_enc/dec engaged.
[    1.483125] AES CTR mode by8 optimization enabled
[    1.486614] Fusion MPT SPI Host driver 3.04.20
[    1.685070] input: ImExPS/2 Generic Explorer Mouse as /devices/platform/i8042/serio1/input/input4
[    1.862475] e1000 0000:00:03.0 eth0: (PCI:33MHz:32-bit) 02:3b:ab:4a:a3:42
[    1.864661] e1000 0000:00:03.0 eth0: Intel(R) PRO/1000 Network Connection
[    2.250633] e1000 0000:00:08.0 eth1: (PCI:33MHz:32-bit) 08:00:27:80:77:15
[    2.252670] e1000 0000:00:08.0 eth1: Intel(R) PRO/1000 Network Connection
[    2.255435] e1000 0000:00:08.0 enp0s8: renamed from eth1
[    2.264107] mptbase: ioc0: Initiating bringup
[    2.284951] e1000 0000:00:03.0 enp0s3: renamed from eth0
[    2.445816] ioc0: LSI53C1030 A0: Capabilities={Initiator}
[    4.513859] scsi host2: ioc0: LSI53C1030 A0, FwRev=00000000h, Ports=1, MaxQ=256, IRQ=20
[    6.356538] scsi 2:0:0:0: Direct-Access     VBOX     HARDDISK         1.0  PQ: 0 ANSI: 5
[    6.538334] scsi target2:0:0: Beginning Domain Validation
[    6.541456] scsi target2:0:0: Domain Validation skipping write tests
[    6.542745] scsi target2:0:0: Ending Domain Validation
[    6.543818] scsi target2:0:0: asynchronous
[    6.544934] scsi 2:0:1:0: Direct-Access     VBOX     HARDDISK         1.0  PQ: 0 ANSI: 5
[    7.516597] scsi target2:0:1: Beginning Domain Validation
[    7.519668] random: fast init done
[    7.520825] scsi target2:0:1: Domain Validation skipping write tests
[    7.523237] scsi target2:0:1: Ending Domain Validation
[    7.524705] scsi target2:0:1: asynchronous
[    7.530095] sd 2:0:0:0: Attached scsi generic sg0 type 0
[    7.530098] random: systemd-udevd: uninitialized urandom read (16 bytes read)
[    7.531613] sd 2:0:1:0: Attached scsi generic sg1 type 0
[    7.533331] random: systemd-udevd: uninitialized urandom read (16 bytes read)
[    7.536477] random: systemd-udevd: uninitialized urandom read (16 bytes read)
[    7.538363] sd 2:0:0:0: [sda] 83886080 512-byte logical blocks: (42.9 GB/40.0 GiB)
[    7.540353] sd 2:0:1:0: [sdb] 20480 512-byte logical blocks: (10.5 MB/10.0 MiB)
[    7.542170] sd 2:0:0:0: [sda] Write Protect is off
[    7.543338] sd 2:0:1:0: [sdb] Write Protect is off
[    7.544641] sd 2:0:0:0: [sda] Incomplete mode parameter data
[    7.545916] sd 2:0:0:0: [sda] Assuming drive cache: write through
[    7.547319] sd 2:0:1:0: [sdb] Incomplete mode parameter data
[    7.548664] sd 2:0:1:0: [sdb] Assuming drive cache: write through
[    7.551122]  sda: sda1
[    7.552652] sd 2:0:0:0: [sda] Attached SCSI disk
[    7.553968] sd 2:0:1:0: [sdb] Attached SCSI disk
Begin: Loading essential drivers ... [    8.948459] raid6: sse2x1   gen() 12401 MB/s
[    8.996397] raid6: sse2x1   xor()  7292 MB/s
[    9.044313] raid6: sse2x2   gen() 14659 MB/s
[    9.092863] raid6: sse2x2   xor()  9413 MB/s
[    9.140089] raid6: sse2x4   gen() 15229 MB/s
[    9.188021] raid6: sse2x4   xor()  9004 MB/s
[    9.237640] raid6: avx2x1   gen() 27632 MB/s
[    9.287716] raid6: avx2x1   xor() 16953 MB/s
[    9.336424] raid6: avx2x2   gen() 28554 MB/s
[    9.384274] raid6: avx2x2   xor() 18232 MB/s
[    9.432199] raid6: avx2x4   gen() 30788 MB/s
[    9.487461] raid6: avx2x4   xor() 22292 MB/s
[    9.488916] raid6: using algorithm avx2x4 gen() 30788 MB/s
[    9.490065] raid6: .... xor() 22292 MB/s, rmw enabled
[    9.491024] raid6: using avx2x2 recovery algorithm
[    9.492777] xor: automatically using best checksumming function   avx       
[    9.494828] async_tx: api initialized (async)
done.
Begin: Running /scripts/init-premount ... done.
Begin: Mounting root file system ... Begin: Running /scripts/local-top ... done.
Begin: Running /scripts/local-premount ... [    9.530798] Btrfs loaded, crc32c=crc32c-intel
Scanning for Btrfs filesystems
done.
Warning: fsck not present, so skipping root file system
[    9.549277] EXT4-fs (sda1): mounted filesystem with ordered data mode. Opts: (null)
done.
Begin: Running /scripts/local-bottom ... done.
Begin: Running /scripts/init-bottom ... done.
[    9.648756] ip_tables: (C) 2000-2006 Netfilter Core Team
[    9.653967] systemd[1]: systemd 237 running in system mode. (+PAM +AUDIT +SELINUX +IMA +APPARMOR +SMACK +SYSVINIT +UTMP +LIBCRYPTSETUP +GCRYPT +GNUTLS +ACL +XZ +LZ4 +SECCOMP +BLKID +ELFUTILS +KMOD -IDN2 +IDN -PCRE2 default-hierarchy=hybrid)
[    9.658169] systemd[1]: Detected virtualization oracle.
[    9.659155] systemd[1]: Detected architecture x86-64.

Welcome to [1mUbuntu 18.04.6 LTS[0m!

[    9.663565] systemd[1]: Set hostname to <ubuntu>.
[    9.665724] systemd[1]: Initializing machine ID from random generator.
[    9.666866] systemd[1]: Installed transient /etc/machine-id file.
[    9.804712] systemd[1]: Set up automount Arbitrary Executable File Formats File System Automount Point.
[[0;32m  OK  [0m] Set up automount Arbitrary Executab…rmats File System Automount Point.
[    9.809134] systemd[1]: Created slice System Slice.
[[0;32m  OK  [0m] Created slice System Slice.
[    9.810825] systemd[1]: Listening on /dev/initctl Compatibility Named Pipe.
[[0;32m  OK  [0m] Listening on /dev/initctl Compatibility Named Pipe.
[    9.813321] systemd[1]: Listening on LVM2 poll daemon socket.
[[0;32m  OK  [0m] Listening on LVM2 poll daemon socket.
[[0;32m  OK  [0m] Listening on Device-mapper event daemon FIFOs.
[[0;32m  OK  [0m] Listening on Journal Socket (/dev/log).
[[0;32m  OK  [0m] Reached target System Time Synchronized.
[[0;32m  OK  [0m] Created slice User and Session Slice.
[[0;32m  OK  [0m] Listening on Journal Socket.
         Starting Uncomplicated firewall...
         Starting Create list of required st…ce nodes for the current kernel...
[[0;32m  OK  [0m] Listening on Journal Audit Socket.
[[0;32m  OK  [0m] Listening on fsck to fsckd communication Socket.
         Starting File System Check on Root Device...
         Starting Set the console keyboard layout...
[[0;32m  OK  [0m] Listening on udev Control Socket.
         Starting Load Kernel Modules...
         Mounting Huge Pages File System...
[[0;32m  OK  [0m] Listening on Network Service Netlink Socket.
[[0;32m  OK  [0m] Reached target Slices.
         Mounting POSIX Message Queue File System...
[[0;32m  OK  [0m] Started Forward Password Requests to Wall Directory Watch.
[[0;32m  OK  [0m] Reached target User and Group Name Lookups.
         Mounting Kernel Debug File System...
[[0;32m  OK  [0m] Listening on udev Kernel Socket.
         Starting udev Coldplug all Devices...
[[0;32m  OK  [0m] Listening on LVM2 metadata daemon socket.
[    9.896641] Loading iSCSI transport class v2.0-870.
         Starting Monitoring of LVM2 mirrors…ng dmeventd or progress polling...
[    9.902145] iscsi: registered transport (tcp)
[[0;32m  OK  [0m] Listening on Syslog Socket.
         Starting Journal Service...
[[0;32m  OK  [0m] Created slice system-serial\x2dgetty.slice.
[[0;32m  OK  [0m] Reached target Swap.
[[0;32m  OK  [0m] Started Uncomplicated firewall.
[[0;32m  OK  [0m] Started Create list of required sta…vice nodes for the current kernel.
[    9.920143] iscsi: registered transport (iser)
[[0;32m  OK  [0m] Started File System Check Daemon to report status.
         Starting Create Static Device Nodes in /dev...
[[0;32m  OK  [0m] Started Load Kernel Modules.
         Starting Apply Kernel Variables...
         Mounting FUSE Control File System...
         Mounting Kernel Configuration File System...
[[0;32m  OK  [0m] Started File System Check on Root Device.
         Starting Remount Root and Kernel File Systems...
[[0;32m  OK  [0m] Started LVM2 metadata daemon.
[[0;32m  OK  [0m] Started udev Coldplug all Devices.
[[0;32m  OK  [0m] Mounted Huge Pages File System.
[[0;32m  OK  [0m] Mounted Kernel Debug File System.
[[0;32m  OK  [0m] Started Journal Service.
[[0;32m  OK  [0m] Mounted POSIX Message Queue File System.
[[0;32m  OK  [0m] Mounted FUSE Control File System.
[[0;32m  OK  [0m] Started Create Static Device Nodes in /dev.
[[0;32m  OK  [0m] Mounted Kernel Configuration File System.
[[0;32m  OK  [0m] Started Apply Kernel Variables.
[[0;32m  OK  [0m] Started Remount Root and Kernel File Systems.
         Starting Flush Journal to Persistent Storage...
         Starting udev Kernel Device Manager...
         Starting Load/Save Random Seed...
[[0;32m  OK  [0m] Started Monitoring of LVM2 mirrors,…sing dmeventd or progress polling.
[[0;32m  OK  [0m] Started Load/Save Random Seed.
[[0;32m  OK  [0m] Started udev Kernel Device Manager.
[[0;32m  OK  [0m] Started Flush Journal to Persistent Storage.
[[0;32m  OK  [0m] Found device /dev/ttyS0.
[[0;32m  OK  [0m] Listening on Load/Save RF Kill Switch Status /dev/rfkill Watch.
[[0;32m  OK  [0m] Started Set the console keyboard layout.
[[0;32m  OK  [0m] Started Dispatch Password Requests to Console Directory Watch.
[[0;32m  OK  [0m] Reached target Local Encrypted Volumes.
[[0;32m  OK  [0m] Reached target Local File Systems (Pre).
[[0;32m  OK  [0m] Reached target Local File Systems.
         Starting AppArmor initialization...
         Starting Set console font and keymap...
         Starting Commit a transient machine-id on disk...
         Starting Tell Plymouth To Write Out Runtime Data...
         Starting ebtables ruleset management...
         Starting Create Volatile Files and Directories...
[[0;32m  OK  [0m] Started Tell Plymouth To Write Out Runtime Data.
[[0;32m  OK  [0m] Started Create Volatile Files and Directories.
         Starting Update UTMP about System Boot/Shutdown...
[[0;32m  OK  [0m] Started Update UTMP about System Boot/Shutdown.
[[0;32m  OK  [0m] Started Commit a transient machine-id on disk.
[[0;32m  OK  [0m] Started ebtables ruleset management.
[[0;32m  OK  [0m] Started AppArmor initialization.
         Starting Initial cloud-init job (pre-networking)...
         Starting Load AppArmor profiles managed internally by snapd...
[[0;32m  OK  [0m] Started Load AppArmor profiles managed internally by snapd.
[[0;32m  OK  [0m] Started Set console font and keymap.
[   12.147216] cloud-init[867]: Cloud-init v. 21.4-0ubuntu1~18.04.1 running 'init-local' at Tue, 15 Feb 2022 14:02:00 +0000. Up 11.90 seconds.
[[0;32m  OK  [0m] Started Initial cloud-init job (pre-networking).
[[0;32m  OK  [0m] Reached target Network (Pre).
         Starting Network Service...
[[0;32m  OK  [0m] Started Network Service.
         Starting Network Name Resolution...
         Starting Wait for Network to be Configured...
[[0;32m  OK  [0m] Started Network Name Resolution.
[[0;32m  OK  [0m] Reached target Network.
[[0;32m  OK  [0m] Reached target Host and Network Name Lookups.
[[0;32m  OK  [0m] Started Wait for Network to be Configured.
         Starting Initial cloud-init job (metadata service crawler)...
[   14.506825] cloud-init[1042]: Cloud-init v. 21.4-0ubuntu1~18.04.1 running 'init' at Tue, 15 Feb 2022 14:02:03 +0000. Up 14.42 seconds.
[   14.520242] cloud-init[1042]: ci-info: ++++++++++++++++++++++++++++++++++++++Net device info+++++++++++++++++++++++++++++++++++++++
[   14.532120] cloud-init[1042]: ci-info: +--------+-------+----------------------------+---------------+--------+-------------------+
[   14.533636] cloud-init[1042]: ci-info: | Device |   Up  |          Address           |      Mask     | Scope  |     Hw-Address    |
[   14.535319] cloud-init[1042]: ci-info: +--------+-------+----------------------------+---------------+--------+-------------------+
[   14.536861] cloud-init[1042]: ci-info: | enp0s3 |  True |         10.0.2.15          | 255.255.255.0 | global | 02:3b:ab:4a:a3:42 |
[   14.538573] cloud-init[1042]: ci-info: | enp0s3 |  True | fe80::3b:abff:fe4a:a342/64 |       .       |  link  | 02:3b:ab:4a:a3:42 |
[   14.540103] cloud-init[1042]: ci-info: | enp0s8 | False |             .              |       .       |   .    | 08:00:27:80:77:15 |
[   14.541440] cloud-init[1042]: ci-info: |   lo   |  True |         127.0.0.1          |   255.0.0.0   |  host  |         .         |
[   14.542879] cloud-init[1042]: ci-info: |   lo   |  True |          ::1/128           |       .       |  host  |         .         |
[   14.544174] cloud-init[1042]: ci-info: +--------+-------+----------------------------+---------------+--------+-------------------+
[   14.545287] cloud-init[1042]: ci-info: ++++++++++++++++++++++++++++Route IPv4 info+++++++++++++++++++++++++++++
[   14.546608] cloud-init[1042]: ci-info: +-------+-------------+----------+-----------------+-----------+-------+
[   14.547512] cloud-init[1042]: ci-info: | Route | Destination | Gateway  |     Genmask     | Interface | Flags |
[   14.548915] cloud-init[1042]: ci-info: +-------+-------------+----------+-----------------+-----------+-------+
[   14.550246] cloud-init[1042]: ci-info: |   0   |   0.0.0.0   | 10.0.2.2 |     0.0.0.0     |   enp0s3  |   UG  |
[   14.560387] cloud-init[1042]: ci-info: |   1   |   10.0.2.0  | 0.0.0.0  |  255.255.255.0  |   enp0s3  |   U   |
[   14.561608] cloud-init[1042]: ci-info: |   2   |   10.0.2.2  | 0.0.0.0  | 255.255.255.255 |   enp0s3  |   UH  |
[   14.562913] cloud-init[1042]: ci-info: +-------+-------------+----------+-----------------+-----------+-------+
[   14.576298] cloud-init[1042]: ci-info: +++++++++++++++++++Route IPv6 info+++++++++++++++++++
[   14.577208] cloud-init[1042]: ci-info: +-------+-------------+---------+-----------+-------+
[   14.588317] cloud-init[1042]: ci-info: | Route | Destination | Gateway | Interface | Flags |
[   14.589674] cloud-init[1042]: ci-info: +-------+-------------+---------+-----------+-------+
[   14.590879] cloud-init[1042]: ci-info: |   1   |  fe80::/64  |    ::   |   enp0s3  |   U   |
[   14.591765] cloud-init[1042]: ci-info: |   3   |    local    |    ::   |   enp0s3  |   U   |
[   14.592937] cloud-init[1042]: ci-info: |   4   |   ff00::/8  |    ::   |   enp0s3  |   U   |
[   14.594054] cloud-init[1042]: ci-info: +-------+-------------+---------+-----------+-------+
[   15.022450] cloud-init[1042]: Generating public/private rsa key pair.
[   15.032356] cloud-init[1042]: Your identification has been saved in /etc/ssh/ssh_host_rsa_key.
[   15.044590] cloud-init[1042]: Your public key has been saved in /etc/ssh/ssh_host_rsa_key.pub.
[   15.045471] cloud-init[1042]: The key fingerprint is:
[   15.046091] cloud-init[1042]: SHA256:qbVCQLhXQ2a6rMUhDUfa7cZ2m3YIK6XUKSS+j91LHPc root@ubuntu-bionic
[[0;32m  OK  [0m] Started Initial cloud-init job (metadata service crawler).
[   15.060227] cloud-init[1042]: The key's randomart image is:
[[   15.072456] cloud-init[1042]: +---[RSA 2048]----+
[   15.072579] cloud-init[1042]: |  .o+.+          |
[0;32m  OK  [0m] Reached target System Initialization.
[   15.072773] cloud-init[1042]: |  .B =o          |
[   15.075702] cloud-init[1042]: |  +.B...         |
[   15.076625] cloud-init[1042]: | ..*.B . .       |
[   15.077462] cloud-init[1042]: |  ..B % S        |
[[   15.092639] cloud-init[1042]: |   = O O *       |
[   15.092810] cloud-init[1042]: |  o o * * E      |
[   15.093386] cloud-init[1042]: |   + + o .       |
[   15.094262] cloud-init[1042]: |  . o o.         |
[   15.094843] cloud-init[1042]: +----[SHA256]-----+
[   15.095929] cloud-init[1042]: Generating public/private dsa key pair.
[   15.096328] cloud-init[1042]: Your identification has been saved in /etc/ssh/ssh_host_dsa_key.
[   15.097193] cloud-init[1042]: Your public key has been saved in /etc/ssh/ssh_host_dsa_key.pub.
[   15.098038] cloud-init[1042]: The key fingerprint is:
[   15.098403] cloud-init[1042]: SHA256:002E0sFsPKoL4bOp2xaEit2uAgGfFIJBF4eF89ap4SE root@ubuntu-bionic
[   15.099232] cloud-init[1042]: The key's randomart image is:
[   15.099818] cloud-init[1042]: +---[DSA 1024]----+
[   15.100865] cloud-init[1042]: |=o.+=o   =.o.    |
[   15.101490] cloud-init[1042]: |o.o+.   . O.     |
[   15.102091] cloud-init[1042]: |.o oo . .+ ..    |
[   15.102700] cloud-init[1042]: |. +Eo= o.. o     |
[   15.103524] cloud-init[1042]: |.+ ++.+.S . .    |
[   15.103997] cloud-init[1042]: |+ . *o.  .       |
[   15.104304] cloud-init[1042]: |.  . * .         |
[   15.104836] cloud-init[1042]: |.  .= .          |
[   15.105407] cloud-init[1042]: | .+=.            |
[   15.106011] cloud-init[1042]: +----[SHA256]-----+
[   15.106534] cloud-init[1042]: Generating public/private ecdsa key pair.
[   15.107148] cloud-init[1042]: Your identification has been saved in /etc/ssh/ssh_host_ecdsa_key.
[   15.107693] cloud-init[1042]: Your public key has been saved in /etc/ssh/ssh_host_ecdsa_key.pub.
[   15.108728] cloud-init[1042]: The key fingerprint is:
[   15.109366] cloud-init[1042]: SHA256:aVdjufFyzV+pSn1N02fh1a81NfJ5b1Jh4pp1u+j4jlU root@ubuntu-bionic
[   15.109952] cloud-init[1042]: The key's randomart image is:
[   15.110520] cloud-init[1042]: +---[ECDSA 256]---+
[   15.111092] cloud-init[1042]: |                 |
[   15.111651] cloud-init[1042]: |             .  .|
[   15.112414] cloud-init[1042]: |            *o =+|
[   15.113144] cloud-init[1042]: |         . o.=*o@|
[   15.113720] cloud-init[1042]: |        S . oooE&|
[   15.114323] cloud-init[1042]: |       . .  =o+*@|
[   15.115086] cloud-init[1042]: |           + +oo=|
[   15.115805] cloud-init[1042]: |          . = oo.|
[   15.116500] cloud-init[1042]: |           ++= . |
[   15.116893] cloud-init[1042]: +----[SHA256]-----+
[   15.117467] cloud-init[1042]: Generating public/private ed25519 key pair.
[   15.118047] cloud-init[1042]: Your identification has been saved in /etc/ssh/ssh_host_ed25519_key.
[   15.118613] cloud-init[1042]: Your public key has been saved in /etc/ssh/ssh_host_ed25519_key.pub.
[   15.118807] cloud-init[1042]: The key fingerprint is:
[   15.119311] cloud-init[1042]: SHA256:Nn+U9tdDFZVxZuzP0lIbCF5XGQ7xfx2uxHYLVlxAiGo root@ubuntu-bionic
[   15.119877] cloud-init[1042]: The key's randomart image is:
[   15.120471] cloud-init[1042]: +--[ED25519 256]--+
[   15.121039] cloud-init[1042]: |           . =+*#|
[   15.121625] cloud-init[1042]: |          ....=*=|
[   15.122192] cloud-init[1042]: |         .. o oB.|
[   15.122757] cloud-init[1042]: |        E  ..oo.B|
[   15.123338] cloud-init[1042]: |       .S   +* BB|
[   15.123906] cloud-init[1042]: |       . o o+.B.B|
[   15.124493] cloud-init[1042]: |          . ...=o|
[   15.125051] cloud-init[1042]: |           .   ..|
[   15.125621] cloud-init[1042]: |                 |
[   15.126189] cloud-init[1042]: +----[SHA256]-----+
[0;32m  OK  [0m] Started ACPI Events Check.
[[0;32m  OK  [0m] Started Discard unused blocks once a week.
[[0;32m  OK  [0m] Started Daily apt download activities.
[[0;32m  OK  [0m] Listening on cloud-init hotplug hook socket.
[[0;32m  OK  [0m] Started Daily apt upgrade and clean activities.
[[0;32m  OK  [0m] Started Daily Cleanup of Temporary Directories.
[[0;32m  OK  [0m] Listening on ACPID Listen Socket.
[[0;32m  OK  [0m] Started Trigger to poll for Ubuntu …(Only enabled on GCP LTS non-pro).
[[0;32m  OK  [0m] Reached target Paths.
         Starting LXD - unix socket.
[[0;32m  OK  [0m] Listening on UUID daemon activation socket.
[[0;32m  OK  [0m] Started Message of the Day.
         Starting Socket activation for snappy daemon.
[[0;32m  OK  [0m] Listening on Open-iSCSI iscsid Socket.
[[0;32m  OK  [0m] Started Ubuntu Advantage Timer for running repeated jobs.
[[0;32m  OK  [0m] Reached target Timers.
[[0;32m  OK  [0m] Listening on D-Bus System Message Bus Socket.
[[0;32m  OK  [0m] Reached target Cloud-config availability.
[[0;32m  OK  [0m] Reached target Network is Online.
[[0;32m  OK  [0m] Reached target Remote File Systems (Pre).
[[0;32m  OK  [0m] Reached target Remote File Systems.
         Starting Availability of block devices...
[[0;32m  OK  [0m] Listening on LXD - unix socket.
[[0;32m  OK  [0m] Listening on Socket activation for snappy daemon.
[[0;32m  OK  [0m] Reached target Sockets.
[[0;32m  OK  [0m] Reached target Basic System.
[[0;32m  OK  [0m] Started Deferred execution scheduler.
[[0;32m  OK  [0m] Started Regular background program processing daemon.
         Starting Accounts Service...
[[0;32m  OK  [0m] Started D-Bus System Message Bus.
         Starting Virtualbox guest utils...
         Starting LSB: automatic crash report generation...
         Starting Login Service...
         Starting Permit User Sessions...
         Starting System Logging Service...
[[0;32m  OK  [0m] Started FUSE filesystem for LXC.
         Starting Pollinate to seed the pseudo random number generator...
         Starting LSB: Record successful boot for GRUB...
         Starting Dispatcher daemon for systemd-networkd...
[[0;32m  OK  [0m] Started irqbalance daemon.
         Starting Snap Daemon...
         Starting LXD - container startup/shutdown...
[[0;32m  OK  [0m] Started System Logging Service.
[[0;32m  OK  [0m] Started Availability of block devices.
[[0;32m  OK  [0m] Started Permit User Sessions.
[[0;32m  OK  [0m] Started Login Service.
[[0;32m  OK  [0m] Started Unattended Upgrades Shutdown.
         Starting Authorization Manager...
         Starting Terminate Plymouth Boot Screen...
         Starting Hold until boot process finishes up...
[[0;32m  OK  [0m] Started Hold until boot process finishes up.
[[0;32m  OK  [0m] Started Serial Getty on ttyS0.
         Starting Set console scheme...
[[0;32m  OK  [0m] Started Terminate Plymouth Boot Screen.
[[0;32m  OK  [0m] Started Authorization Manager.
[[0;32m  OK  [0m] Started Accounts Service.
[[0;32m  OK  [0m] Started Set console scheme.
[[0;32m  OK  [0m] Created slice system-getty.slice.
[[0;32m  OK  [0m] Started Getty on tty1.
[[0;32m  OK  [0m] Reached target Login Prompts.
[[0;32m  OK  [0m] Started LSB: automatic crash report generation.
[[0;32m  OK  [0m] Started LXD - container startup/shutdown.
[[0;32m  OK  [0m] Started LSB: Record successful boot for GRUB.
[[0;32m  OK  [0m] Started Virtualbox guest utils.
[[0;32m  OK  [0m] Started Dispatcher daemon for systemd-networkd.
[[0;32m  OK  [0m] Started Snap Daemon.
         Starting Wait until snapd is fully seeded...
         Starting Time & Date Service...
[[0;32m  OK  [0m] Started Time & Date Service.
[[0;32m  OK  [0m] Started Pollinate to seed the pseudo random number generator.
         Starting OpenBSD Secure Shell server...
[[0;32m  OK  [0m] Started OpenBSD Secure Shell server.
[[0;32m  OK  [0m] Started Wait until snapd is fully seeded.
[[0;32m  OK  [0m] Reached target Multi-User System.
[[0;32m  OK  [0m] Reached target Graphical Interface.
         Starting Update UTMP about System Runlevel Changes...
         Starting Apply the settings specified in cloud-config...
[[0;32m  OK  [0m] Started Update UTMP about System Runlevel Changes.
[   18.034617] cloud-init[1610]: Cloud-init v. 21.4-0ubuntu1~18.04.1 running 'modules:config' at Tue, 15 Feb 2022 14:02:06 +0000. Up 17.78 seconds.
[[0;32m  OK  [0m] Started Apply the settings specified in cloud-config.
         Starting Execute cloud user/final scripts...
ci-info: no authorized SSH keys fingerprints found for user ubuntu.
<14>Feb 15 14:02:07 cloud-init: #############################################################
<14>Feb 15 14:02:07 cloud-init: -----BEGIN SSH HOST KEY FINGERPRINTS-----
<14>Feb 15 14:02:07 cloud-init: 1024 SHA256:002E0sFsPKoL4bOp2xaEit2uAgGfFIJBF4eF89ap4SE root@ubuntu-bionic (DSA)
<14>Feb 15 14:02:07 cloud-init: 256 SHA256:aVdjufFyzV+pSn1N02fh1a81NfJ5b1Jh4pp1u+j4jlU root@ubuntu-bionic (ECDSA)
<14>Feb 15 14:02:07 cloud-init: 256 SHA256:Nn+U9tdDFZVxZuzP0lIbCF5XGQ7xfx2uxHYLVlxAiGo root@ubuntu-bionic (ED25519)
<14>Feb 15 14:02:07 cloud-init: 2048 SHA256:qbVCQLhXQ2a6rMUhDUfa7cZ2m3YIK6XUKSS+j91LHPc root@ubuntu-bionic (RSA)
<14>Feb 15 14:02:07 cloud-init: -----END SSH HOST KEY FINGERPRINTS-----
<14>Feb 15 14:02:07 cloud-init: #############################################################
-----BEGIN SSH HOST KEY KEYS-----
ecdsa-sha2-nistp256 AAAAE2VjZHNhLXNoYTItbmlzdHAyNTYAAAAIbmlzdHAyNTYAAABBBO4o75P7ASgoIM0ljH2oPRBZYIOCWHKHTnCVSxts9Mr9/7UKj+fJourwl1tdhTPXwo3qUZZz7MftTa0qfoE0DCc= root@ubuntu-bionic
ssh-ed25519 AAAAC3NzaC1lZDI1NTE5AAAAIOysJDeiEGqsYq3cF2WN03KvB4ztdbK7uvfIeYBqcyHr root@ubuntu-bionic
ssh-rsa AAAAB3NzaC1yc2EAAAADAQABAAABAQDlLT6GaHhkMBgMIg8PdgzKgS8emoKbaAntMOiht+HucJquI46iz3e4bIKCR25Go8N6qXdwKv+O4Nj06IYEn7z3HZAg0p8dsCJS1jU6KatAF9LL7L56UvRx5X0b3Mvh15ELssfegs5QJc9bbNWhXUQGh7tSjXGlgUxpBfx5C+lldkU/jlbNDBdN94Y4Amd7XXAjTYC/VKKR0Egmbf/eHrlJVzxszE3h28x3Ry7mXZv1PL9g2f5ukAa0qWWvcFimIGlPBzPwP20C5eL3mpaKOjjLZ55ySKLfIMJNbXdANCSOEAjIK5htIFusCTacNAgdTN75U2x4Lm0LaJNCsocxGbTD root@ubuntu-bionic
-----END SSH HOST KEY KEYS-----
[   18.462398] cloud-init[1663]: Cloud-init v. 21.4-0ubuntu1~18.04.1 running 'modules:final' at Tue, 15 Feb 2022 14:02:07 +0000. Up 18.33 seconds.
[   18.463599] cloud-init[1663]: ci-info: no authorized SSH keys fingerprints found for user ubuntu.
[   18.464405] cloud-init[1663]: Cloud-init v. 21.4-0ubuntu1~18.04.1 finished at Tue, 15 Feb 2022 14:02:07 +0000. Datasource DataSourceNoCloud [seed=/dev/sdb][dsmode=net].  Up 18.45 seconds
[[0;32m  OK  [0m] Started Execute cloud user/final scripts.
[[0;32m  OK  [0m] Reached target Cloud-init target.

Ubuntu 18.04.6 LTS ubuntu-bionic ttyS0

ubuntu-bionic login: 